<?xml version="1.0" encoding="UTF-8"?>
<coverage generated="1745142966254" clover="3.2.0">
  <project timestamp="1745142966254" name="All files">
    <metrics statements="34" coveredstatements="29" conditionals="6" coveredconditionals="4" methods="13" coveredmethods="9" elements="53" coveredelements="42" complexity="0" loc="34" ncloc="34" packages="1" files="2" classes="2"/>
    <file name="Body.js" path="/Users/dharya.anchal/Desktop/namaste-react/src/components/Body.js">
      <metrics statements="31" coveredstatements="26" conditionals="6" coveredconditionals="4" methods="12" coveredmethods="8"/>
      <line num="7" count="1" type="stmt"/>
      <line num="8" count="4" type="stmt"/>
      <line num="10" count="4" type="stmt"/>
      <line num="11" count="4" type="stmt"/>
      <line num="12" count="4" type="stmt"/>
      <line num="13" count="4" type="stmt"/>
      <line num="14" count="1" type="stmt"/>
      <line num="15" count="1" type="stmt"/>
      <line num="18" count="4" type="stmt"/>
      <line num="19" count="2" type="stmt"/>
      <line num="22" count="4" type="stmt"/>
      <line num="23" count="1" type="stmt"/>
      <line num="26" count="1" type="stmt"/>
      <line num="27" count="1" type="stmt"/>
      <line num="28" count="1" type="stmt"/>
      <line num="31" count="4" type="stmt"/>
      <line num="32" count="4" type="stmt"/>
      <line num="34" count="4" type="cond" truecount="1" falsecount="1"/>
      <line num="35" count="0" type="stmt"/>
      <line num="38" count="4" type="stmt"/>
      <line num="41" count="4" type="cond" truecount="2" falsecount="0"/>
      <line num="51" count="0" type="stmt"/>
      <line num="56" count="1" type="stmt"/>
      <line num="57" count="1" type="stmt"/>
      <line num="61" count="1" type="stmt"/>
      <line num="69" count="0" type="stmt"/>
      <line num="71" count="0" type="stmt"/>
      <line num="87" count="2" type="stmt"/>
      <line num="100" count="1" type="stmt"/>
      <line num="101" count="4" type="stmt"/>
      <line num="102" count="0" type="stmt"/>
    </file>
    <file name="RestaurantCard.js" path="/Users/dharya.anchal/Desktop/namaste-react/src/components/RestaurantCard.js">
      <metrics statements="3" coveredstatements="3" conditionals="0" coveredconditionals="0" methods="1" coveredmethods="1"/>
      <line num="4" count="2" type="stmt"/>
      <line num="5" count="3" type="stmt"/>
      <line num="6" count="3" type="stmt"/>
    </file>
  </project>
</coverage>
